Mensaje original: Hola EMO-SPN
Cifrado (hex): fbd7a3c25e91b327f597e0b476bf923a800bc04ca0fac8bb34129900ad685da8090e92a7561a36edc2ec7fef54facac09c25589947e4d739def35edd30ccb824
Descifrado: Hola EMO-SPN
Entropía: 5.7812 bits por byte
Avalancha (bits diferentes): 254 (49.61%)
Mensaje original: Hola EMO-SPN
Cifrado (hex): d175ea9b965f4007e9432ee528d7a1e8d62d2ee268532dbca909f6336f73dd7214abf9583adb9b9b873ac673da0fc209f82d6387a12363588089068c363e67fa
Descifrado: Hola EMO-SPN
Entropía: 5.6014 bits por byte
Avalancha (bits diferentes): 236 (46.09%)
Gráfico guardado: avalancha.png
Mensaje original: Hola EMO-SPN
Cifrado (hex): 5b1a05a25e49388651e74e12937540514ea4b0a685b6cab41d4a9910b9ef288f180640271f7ff5ec0f1ab4c145c37b53051f60c7a18ce39de9b3c0c06fc2df45
Descifrado: Hola EMO-SPN
Entropía: 5.7188 bits por byte
Avalancha (bits diferentes): 250 (48.83%)
Gráfico guardado: avalancha.png
Mensaje original: Hola EMO-SPN
Cifrado (hex): ad06243fff91f5da4d631ba71f07eb885fd586e12a8227f9e489f214315a2b50c424cf48b7f7d5230ff6d941ee0ffda4cab4e93748e4e5c4fa16c67c7440ce83
Descifrado: Hola EMO-SPN
Entropía: 5.8125 bits por byte
Avalancha (bits diferentes): 248 (48.44%)
Gráfico guardado: avalancha.png
Mensaje original: Hola EMO-SPN esta prueba es para ver que tanto cambia si uso una cara triste o feliz :)
Cifrado (hex): 0dfbae535438d534a33f861864cb6a0c044606ca34e0f22f2c39bdd644302ee7f54e50b92b2c1858413ea6ff704985d4e9d0e18b7ab93e0fdab3967fb17319c6d0b5449dd34847ae5e71239684daa1a89fdc4944fc1c430e1a016ba78bdc8850ffd90442e01a1aebbd9411cee44e524a40129754e1cab7a5d1d723efccae72402e7b58c6cfc265cfaaca2121a71a6220
Descifrado: Hola EMO-SPN esta prueba es para ver que tanto cambia si uso una cara triste o feliz :)
Entropía: 6.6403 bits por byte
Avalancha (bits diferentes): 588 (51.04%)
Gráfico guardado: avalancha.png
Mensaje original: Hola EMO-SPN esta prueba es para ver que tanto cambia si uso una cara triste o feliz :)
Cifrado (hex): 1dc1d2470fc6a2a3495de92e31dc2b50d02b319ae3e7047bd9b96e836cda66c5e9b05eff6117426c6eea02f6fe7a317a5e1e23df548b87c06c3379fd0e9b417ed77b1878bc41fa6bcc3d94cf9f681de1b61c305a2b6d6aeb337eb5ce4c6c08a954dcf9a3e7fe2361c6f37e12253f5a5486d18ba2935eb37047ba265c3cb9cebd3595e4caa90e0bf996cfb97e1a5b6008
Descifrado: Hola EMO-SPN esta prueba es para ver que tanto cambia si uso una cara triste o feliz :)
Entropía: 6.5604 bits por byte
Avalancha (bits diferentes): 567 (49.22%)
Gráfico guardado: avalancha.png
Avalancha (bits diferentes): 246 (48.05%)
Entropía: 5.6209 bits por byte
Gráfico guardado: avalancha.png
Avalancha (bits diferentes): 253 (49.41%)
Entropía: 5.7188 bits por byte
Gráfico guardado: avalancha.png
Avalancha (bits diferentes): 270 (52.73%)
Entropía: 5.8750 bits por byte
Gráfico guardado: avalancha.png
Mensaje original: Hola EMO-SPN esta prueba es para ver que tanto cambia si uso una cara triste o feliz :)
Cifrado (hex): 0a009c52127cc495f25886cd321fb1b8adbaa780f3822115849f9dd08325e577cc7c3be7d1e5eb239eb8bdfe41c6860e8bb4a2a9eb26e0b4c14e20f86e24a10b883ea87aeed028740279310ed05ca7107a1a50e6935cf3e6488a72ece3a4ae989b17962616c5090e3ce77c8aa46c50d1363cb5d112507e715f0a24388fbb64efb0110a2d591be2df99fce0c5beb6646f
Descifrado: Hola EMO-SPN esta prueba es para ver que tanto cambia si uso una cara triste o feliz :)
Entropía: 6.6940 bits por byte
Avalancha (bits diferentes): 570 (49.48%)
Gráfico guardado: avalancha.png
Avalancha (bits diferentes): 234 (45.70%)
Entropía: 5.8007 bits por byte
Gráfico guardado: avalancha.png
Mensaje original: Hola EMO-SPN esta prueba es para ver que tanto cambia si uso una cara triste o feliz :)
Cifrado (hex): b974b329acdba7f0f234980f446d7e0d90212abeee06514562c4b95737d0b877813dca074e471964dcda6f44c671aed24e9d82472de5bc069cbe87761dcedcf48cd34d8cc6abce41fef955099cef751783c04053e77e27ecefef4e327b9b954848ba48b41cec400b6b5bcdb41a9b69c9ef789e1f0cc2f51152e528eea6db821e5f1d8bd77e24dcbfe7c2640d3c2f0386
Descifrado: Hola EMO-SPN esta prueba es para ver que tanto cambia si uso una cara triste o feliz :)
Entropía: 6.6767 bits por byte
Avalancha (bits diferentes): 549 (47.66%)
Gráfico guardado: avalancha.png
Avalancha (bits diferentes): 237 (46.29%)
Entropía: 5.7812 bits por byte
Gráfico guardado: avalancha.png
